<?xml version="1.0" encoding="UTF-8"?>
<!-- Generated by org.testng.reporters.JUnitReportReporter -->
<testsuite skipped="0" hostname="Karthik-PC" name="com.flipkart.testcase.FlipkartLoginTestCase" tests="1" failures="0" timestamp="2021-03-22T15:17:36 IST" time="12.033" errors="0">
  <testcase name="testMethod" time="12.033" classname="com.flipkart.testcase.FlipkartLoginTestCase"/>
  <system-out/>
</testsuite> <!-- com.flipkart.testcase.FlipkartLoginTestCase -->
